# JRE version: Java(TM) SE Runtime Environment (18.0.1.1+2) (build 18.0.1.1+2-6)
# Java VM: Java HotSpot(TM) 64-Bit Server VM (18.0.1.1+2-6, mixed mode, sharing, tiered, compressed oops, compressed class ptrs, g1 gc, windows-amd64)
GC Precious Log:
 CardTable entry size: 512
 Card Set container configuration: InlinePtr #cards 4 size 8 Array Of Cards #cards 32 size 80 Howl #buckets 8 coarsen threshold 7372 Howl Bitmap #cards 1024 size 144 coarsen threshold 921 Card regions per heap region 1 cards per card region 8192
 CPUs: 8 total, 8 available
 Memory: 24456M
 Large Page Support: Disabled
 NUMA Support: Disabled
 Compressed Oops: Enabled (Zero based)
 Heap Region Size: 4M
 Heap Min Capacity: 8M
 Heap Initial Capacity: 384M
 Heap Max Capacity: 6116M
 Pre-touch: Disabled
 Parallel Workers: 8
 Concurrent Workers: 2
 Concurrent Refinement Workers: 8
 Periodic GC: Disabled
Heap:
 garbage-first heap   total 393216K, used 80828K [0x0000000681c00000, 0x0000000800000000)
  region size 4096K, 1 young (4096K), 1 survivors (4096K)
 Metaspace       used 266K, committed 448K, reserved 1114112K
  class space    used 10K, committed 128K, reserved 1048576K
GC Heap History (9 events):
Event: 0.185 GC heap before
{Heap before GC invocations=0 (full 0):
 garbage-first heap   total 393216K, used 20480K [0x0000000681c00000, 0x0000000800000000)
  region size 4096K, 5 young (20480K), 0 survivors (0K)
 Metaspace       used 266K, committed 448K, reserved 1114112K
  class space    used 10K, committed 128K, reserved 1048576K
}
Event: 0.198 GC heap after
{Heap after GC invocations=1 (full 0):
 garbage-first heap   total 393216K, used 19288K [0x0000000681c00000, 0x0000000800000000)
  region size 4096K, 1 young (4096K), 1 survivors (4096K)
 Metaspace       used 266K, committed 448K, reserved 1114112K
  class space    used 10K, committed 128K, reserved 1048576K
}
Event: 0.227 GC heap before
{Heap before GC invocations=1 (full 0):
 garbage-first heap   total 393216K, used 31576K [0x0000000681c00000, 0x0000000800000000)
  region size 4096K, 4 young (16384K), 1 survivors (4096K)
 Metaspace       used 266K, committed 448K, reserved 1114112K
  class space    used 10K, committed 128K, reserved 1048576K
}
Event: 0.237 GC heap after
{Heap after GC invocations=2 (full 0):
 garbage-first heap   total 393216K, used 32768K [0x0000000681c00000, 0x0000000800000000)
  region size 4096K, 1 young (4096K), 1 survivors (4096K)
 Metaspace       used 266K, committed 448K, reserved 1114112K
  class space    used 10K, committed 128K, reserved 1048576K
}
Event: 0.273 GC heap before
{Heap before GC invocations=2 (full 0):
 garbage-first heap   total 393216K, used 49152K [0x0000000681c00000, 0x0000000800000000)
  region size 4096K, 4 young (16384K), 1 survivors (4096K)
 Metaspace       used 266K, committed 448K, reserved 1114112K
  class space    used 10K, committed 128K, reserved 1048576K
}
Event: 0.283 GC heap after
{Heap after GC invocations=3 (full 0):
 garbage-first heap   total 393216K, used 50306K [0x0000000681c00000, 0x0000000800000000)
  region size 4096K, 1 young (4096K), 1 survivors (4096K)
 Metaspace       used 266K, committed 448K, reserved 1114112K
  class space    used 10K, committed 128K, reserved 1048576K
}
Event: 0.307 GC heap before
{Heap before GC invocations=3 (full 0):
 garbage-first heap   total 393216K, used 62594K [0x0000000681c00000, 0x0000000800000000)
  region size 4096K, 4 young (16384K), 1 survivors (4096K)
 Metaspace       used 266K, committed 448K, reserved 1114112K
  class space    used 10K, committed 128K, reserved 1048576K
}
Event: 0.318 GC heap after
{Heap after GC invocations=4 (full 0):
 garbage-first heap   total 393216K, used 63199K [0x0000000681c00000, 0x0000000800000000)
  region size 4096K, 1 young (4096K), 1 survivors (4096K)
 Metaspace       used 266K, committed 448K, reserved 1114112K
  class space    used 10K, committed 128K, reserved 1048576K
}
Event: 0.355 GC heap before
{Heap before GC invocations=4 (full 0):
 garbage-first heap   total 393216K, used 79583K [0x0000000681c00000, 0x0000000800000000)
  region size 4096K, 5 young (20480K), 1 survivors (4096K)
 Metaspace       used 266K, committed 448K, reserved 1114112K
  class space    used 10K, committed 128K, reserved 1048576K
}

